<?xml version="1.0" encoding="UTF-8"?>
<testsuite xmlns:xsi="http://www.w3.org/2001/XMLSchema-instance" xsi:noNamespaceSchemaLocation="https://maven.apache.org/surefire/maven-surefire-plugin/xsd/surefire-test-report-3.0.xsd" version="3.0" name="com.example.voice.VoiceCommandParserTopologyTest" time="1.569" tests="4" errors="0" skipped="0" failures="0">
  <properties>
[...]
</properties>
  <testcase name="testWhenAudioTooShort" classname="com.example.voice.VoiceCommandParserTopologyTest" time="1.489">
    <system-out><![CDATA[INFO stream-thread [main] task [0_0] Initialized (org.apache.kafka.streams.processor.internals.StreamTask:267) 
INFO stream-thread [main] task [0_0] Restored and ready to run (org.apache.kafka.streams.processor.internals.StreamTask:295) 
]]></system-out>
    <system-err><![CDATA[Mockito is currently self-attaching to enable the inline-mock-maker. This will no longer work in future releases of the JDK. Please add Mockito as an agent to your build what is described in Mockito's documentation: https://javadoc.io/doc/org.mockito/mockito-core/latest/org/mockito/Mockito.html#0.3
WARNING: A Java agent has been loaded dynamically (C:\Users\ahmet\.m2\repository\net\bytebuddy\byte-buddy-agent\1.15.4\byte-buddy-agent-1.15.4.jar)
WARNING: If a serviceability tool is in use, please run with -XX:+EnableDynamicAgentLoading to hide this warning
WARNING: If a serviceability tool is not in use, please run with -Djdk.instrument.traceUsage for more information
WARNING: Dynamic loading of agents will be disallowed by default in a future release
]]></system-err>
  </testcase>
  <testcase name="testWhenTurkishDataParsedCorrectly" classname="com.example.voice.VoiceCommandParserTopologyTest" time="0.037">
    <system-out><![CDATA[INFO stream-thread [main] task [0_0] Initialized (org.apache.kafka.streams.processor.internals.StreamTask:267) 
INFO stream-thread [main] task [0_0] Restored and ready to run (org.apache.kafka.streams.processor.internals.StreamTask:295) 
]]></system-out>
  </testcase>
  <testcase name="testWhenNoRecognizedData" classname="com.example.voice.VoiceCommandParserTopologyTest" time="0.009">
    <system-out><![CDATA[INFO stream-thread [main] task [0_0] Initialized (org.apache.kafka.streams.processor.internals.StreamTask:267) 
INFO stream-thread [main] task [0_0] Restored and ready to run (org.apache.kafka.streams.processor.internals.StreamTask:295) 
]]></system-out>
  </testcase>
  <testcase name="testWhenEnglishDataParsedCorrectly" classname="com.example.voice.VoiceCommandParserTopologyTest" time="0.008">
    <system-out><![CDATA[INFO stream-thread [main] task [0_0] Initialized (org.apache.kafka.streams.processor.internals.StreamTask:267) 
INFO stream-thread [main] task [0_0] Restored and ready to run (org.apache.kafka.streams.processor.internals.StreamTask:295) 
]]></system-out>
  </testcase>
</testsuite>